build/app/intermediates/manifest_merge_blame_file/debug/manifest-merger-blame-debug-report.txt
1<?xml version="1.0" encoding="utf-8"?>
2<manifest xmlns:android="http://schemas.android.com/apk/res/android"
3    package="com.example.radio_station"
4    android:versionCode="1"
5    android:versionName="1.0.0" >
6
7    <uses-sdk
8        android:minSdkVersion="19"
9        android:targetSdkVersion="33" />
10    <!--
11         Flutter needs it to communicate with the running application
12         to allow setting breakpoints, to provide hot reload, etc.
13    -->
14    <uses-permission android:name="android.permission.INTERNET" />
14-->src/main/AndroidManifest.xml:3:5-66
14-->src/main/AndroidManifest.xml:3:22-64
15    <uses-permission android:name="android.permission.ACCESS_NETWORK_STATE" />
15-->[com.google.android.exoplayer:exoplayer-core:2.18.7] AndroidManifest.xml:24:5-79
15-->[com.google.android.exoplayer:exoplayer-core:2.18.7] AndroidManifest.xml:24:22-76
16
17    <queries>
17-->[androidx.media2:media2-session:1.2.1] AndroidManifest.xml:24:5-34:15
18        <intent>
18-->[androidx.media2:media2-session:1.2.1] AndroidManifest.xml:25:9-27:18
19            <action android:name="android.media.browse.MediaBrowserService" />
19-->[androidx.media2:media2-session:1.2.1] AndroidManifest.xml:26:13-79
19-->[androidx.media2:media2-session:1.2.1] AndroidManifest.xml:26:21-76
20        </intent>
21        <intent>
21-->[androidx.media2:media2-session:1.2.1] AndroidManifest.xml:28:9-30:18
22            <action android:name="androidx.media2.session.MediaSessionService" />
22-->[androidx.media2:media2-session:1.2.1] AndroidManifest.xml:29:13-82
22-->[androidx.media2:media2-session:1.2.1] AndroidManifest.xml:29:21-79
23        </intent>
24        <intent>
24-->[androidx.media2:media2-session:1.2.1] AndroidManifest.xml:31:9-33:18
25            <action android:name="androidx.media2.session.MediaLibraryService" />
25-->[androidx.media2:media2-session:1.2.1] AndroidManifest.xml:32:13-82
25-->[androidx.media2:media2-session:1.2.1] AndroidManifest.xml:32:21-79
26        </intent>
27    </queries>
28
29    <application
30        android:name="android.app.Application"
31        android:appComponentFactory="androidx.core.app.CoreComponentFactory"
31-->[androidx.core:core:1.7.0] AndroidManifest.xml:24:18-86
32        android:debuggable="true"
33        android:icon="@mipmap/ic_launcher"
34        android:label="radio_station"
35        android:usesCleartextTraffic="true" >
36        <activity
37            android:name="com.example.radio_station.MainActivity"
38            android:configChanges="orientation|keyboardHidden|keyboard|screenSize|smallestScreenSize|locale|layoutDirection|fontScale|screenLayout|density|uiMode"
39            android:exported="true"
40            android:hardwareAccelerated="true"
41            android:launchMode="singleTop"
42            android:theme="@style/LaunchTheme"
43            android:windowSoftInputMode="adjustResize" >
44
45            <!--
46                 Specifies an Android theme to apply to this Activity as soon as
47                 the Android process has started. This theme is visible to the user
48                 while the Flutter UI initializes. After that, this theme continues
49                 to determine the Window background behind the Flutter UI.
50            -->
51            <meta-data
52                android:name="io.flutter.embedding.android.NormalTheme"
53                android:resource="@style/NormalTheme" />
54
55            <intent-filter>
56                <action android:name="android.intent.action.MAIN" />
57
58                <category android:name="android.intent.category.LAUNCHER" />
59            </intent-filter>
60        </activity>
61        <!--
62             Don't delete the meta-data below.
63             This is used by the Flutter tool to generate GeneratedPluginRegistrant.java
64        -->
65        <meta-data
66            android:name="flutterEmbedding"
67            android:value="2" />
68
69        <uses-library
69-->[androidx.window:window:1.0.0-beta04] AndroidManifest.xml:25:9-27:40
70            android:name="androidx.window.extensions"
70-->[androidx.window:window:1.0.0-beta04] AndroidManifest.xml:26:13-54
71            android:required="false" />
71-->[androidx.window:window:1.0.0-beta04] AndroidManifest.xml:27:13-37
72        <uses-library
72-->[androidx.window:window:1.0.0-beta04] AndroidManifest.xml:28:9-30:40
73            android:name="androidx.window.sidecar"
73-->[androidx.window:window:1.0.0-beta04] AndroidManifest.xml:29:13-51
74            android:required="false" />
74-->[androidx.window:window:1.0.0-beta04] AndroidManifest.xml:30:13-37
75    </application>
76
77</manifest>